<?xml version="1.0" encoding="UTF-8"?>
<!-- Generated by org.testng.reporters.JUnitReportReporter -->
<testsuite hostname="DESKTOP-VU190UT" failures="0" tests="1" name="com.samsamyik.testCases.TestValidUserLogin" time="0.066" errors="0" timestamp="2021-03-04T12:23:42 IST" skipped="0">
  <testcase classname="com.samsamyik.testCases.TestValidUserLogin" name="validUserLogin" time="0.066"/>
  <system-out/>
</testsuite> <!-- com.samsamyik.testCases.TestValidUserLogin -->
