<?xml version="1.0" encoding="UTF-8"?>
<!-- Generated by org.testng.reporters.JUnitReportReporter -->
<testsuite hostname="DESKTOP-GNP79AJ" failures="0" tests="1" name="Sam_Samayik.scripts.TestInvalidUserLogin" time="26.191" errors="0" timestamp="2021-03-31T16:12:41 IST" skipped="0">
  <testcase classname="Sam_Samayik.scripts.TestInvalidUserLogin" name="test_InvalidUserLogin" time="26.191"/>
  <system-out/>
</testsuite> <!-- Sam_Samayik.scripts.TestInvalidUserLogin -->
