<?xml version="1.0" encoding="UTF-8"?>
<!-- Generated by org.testng.reporters.JUnitReportReporter -->
<testsuite hostname="DESKTOP-GNP79AJ" failures="0" tests="1" name="Sam_Samayik.scripts.TestValidUserLogin" time="17.812" errors="0" timestamp="2021-03-31T16:06:10 IST" skipped="0">
  <testcase classname="Sam_Samayik.scripts.TestValidUserLogin" name="valid_User_Login" time="17.812"/>
  <system-out/>
</testsuite> <!-- Sam_Samayik.scripts.TestValidUserLogin -->
